Flutter crash report.
Please report a bug at https://github.com/flutter/flutter/issues.

## command

flutter run -d web-server --web-port 8080

## exception

PathAccessException: PathAccessException: Deletion failed, path = 'C:\Users\MIGUEL\AppData\Local\Temp\flutter_tools.3b4d8c93\flutter_tool.97fc5d15' (OS Error: O arquivo já está sendo usado por outro processo, errno = 32)

```
#0      _Directory._deleteSync (dart:io/directory_impl.dart:225:7)
#1      FileSystemEntity.deleteSync (dart:io/file_system_entity.dart:425:7)
#2      ForwardingFileSystemEntity.deleteSync (package:file/src/forwarding/forwarding_file_system_entity.dart:70:16)
#3      ErrorHandlingDirectory.deleteSync.<anonymous closure> (package:flutter_tools/src/base/error_handling_io.dart:451:22)
#4      _runSync (package:flutter_tools/src/base/error_handling_io.dart:552:14)
#5      ErrorHandlingDirectory.deleteSync (package:flutter_tools/src/base/error_handling_io.dart:450:12)
#6      ResidentRunner.preExit (package:flutter_tools/src/resident_runner.dart:1434:25)
#7      ResidentRunner.exit (package:flutter_tools/src/resident_runner.dart:1277:11)
<asynchronous suspension>
#8      TerminalHandler._commonTerminalInputHandler (package:flutter_tools/src/resident_runner.dart:1753:9)
<asynchronous suspension>
#9      TerminalHandler.processTerminalInput (package:flutter_tools/src/resident_runner.dart:1829:7)
<asynchronous suspension>
```

## flutter doctor

```
[32m[✓][39m Flutter (Channel stable, 3.38.9, on Microsoft Windows [versÆo 10.0.19045.6466], locale pt-BR) [329ms]
    [32m•[39m Flutter version 3.38.9 on channel stable at C:\Users\MIGUEL\develop\flutter
    [32m•[39m Upstream repository https://github.com/flutter/flutter.git
    [32m•[39m Framework revision 67323de285 (4 weeks ago), 2026-01-28 13:43:12 -0800
    [32m•[39m Engine revision 587c18f873
    [32m•[39m Dart version 3.10.8
    [32m•[39m DevTools version 2.51.1
    [32m•[39m Feature flags: enable-web, enable-linux-desktop, enable-macos-desktop, enable-windows-desktop, enable-android, enable-ios, cli-animations, enable-native-assets, omit-legacy-version-file, enable-lldb-debugging

[32m[✓][39m Windows Version (10 Pro 64 bits, 22H2, 2009) [1.384ms]

[32m[✓][39m Android toolchain - develop for Android devices (Android SDK version 35.0.0) [3,1s]
    [32m•[39m Android SDK at C:\Users\MIGUEL\AppData\Local\Android\sdk
    [32m•[39m Emulator version 36.3.10.0 (build_id 14472402) (CL:N/A)
    [32m•[39m Platform android-36-ext19, build-tools 35.0.0
    [32m•[39m Java binary at: C:\Program Files\Android\Android Studio1\jbr\bin\java
      This is the JDK bundled with the latest Android Studio installation on this machine.
      To manually set the JDK path, use: `flutter config --jdk-dir="path/to/jdk"`.
    [32m•[39m Java version OpenJDK Runtime Environment (build 21.0.8+-14196175-b1038.72)
    [32m•[39m All Android licenses accepted.

[32m[✓][39m Chrome - develop for the web [9ms]
    [32m•[39m Chrome at C:\Program Files\Google\Chrome\Application\chrome.exe

[31m[✗][39m Visual Studio - develop Windows apps [7ms]
    [31m✗[39m Visual Studio not installed; this is necessary to develop Windows apps.
      Download at https://visualstudio.microsoft.com/downloads/.
      Please install the "Desktop development with C++" workload, including all of its default components

[32m[✓][39m Connected device (5 available) [362ms]
    [32m•[39m sdk gphone64 x86 64 (mobile) • emulator-5554 • android-x64    • Android 14 (API 34) (emulator)
    [32m•[39m Windows (desktop)            • windows       • windows-x64    • Microsoft Windows [versÆo 10.0.19045.6466]
    [32m•[39m Web Server (web)             • web-server    • web-javascript • Flutter Tools
    [32m•[39m Chrome (web)                 • chrome        • web-javascript • Google Chrome 145.0.7632.116
    [32m•[39m Edge (web)                   • edge          • web-javascript • Microsoft Edge 145.0.3800.65

[32m[✓][39m Network resources [365ms]
    [32m•[39m All expected network resources are available.

[33m![39m Doctor found issues in 1 category.
```
